#
# There is insufficient memory for the Java Runtime Environment to continue.
# Native memory allocation (malloc) failed to allocate 366416 bytes. Error detail: Chunk::new
# Possible reasons:
#   The system is out of physical RAM or swap space
#   This process is running with CompressedOops enabled, and the Java Heap may be blocking the growth of the native heap
# Possible solutions:
#   Reduce memory load on the system
#   Increase physical memory or swap space
#   Check if swap backing store is full
#   Decrease Java heap size (-Xmx/-Xms)
#   Decrease number of Java threads
#   Decrease Java thread stack sizes (-Xss)
#   Set larger code cache with -XX:ReservedCodeCacheSize=
#   JVM is running with Zero Based Compressed Oops mode in which the Java heap is
#     placed in the first 32GB address space. The Java Heap base address is the
#     maximum limit for the native heap growth. Please use -XX:HeapBaseMinAddress
#     to set the Java Heap base and to place the Java Heap above 32GB virtual address.
# This output file may be truncated or incomplete.
#
#  Out of Memory Error (arena.cpp:168), pid=14660, tid=5712
#
# JRE version: OpenJDK Runtime Environment Temurin-21.0.5+11 (21.0.5+11) (build 21.0.5+11-LTS)
# Java VM: OpenJDK 64-Bit Server VM Temurin-21.0.5+11 (21.0.5+11-LTS, mixed mode, sharing, tiered, compressed oops, compressed class ptrs, g1 gc, windows-amd64)
# No core dump will be written. Minidumps are not enabled by default on client versions of Windows
#

---------------  S U M M A R Y ------------

Command Line: -Dfile.encoding=UTF-8 -Dstdout.encoding=UTF-8 -Dstderr.encoding=UTF-8 -XX:+ShowCodeDetailsInExceptionMessages app.MainApp

Host: Intel(R) Core(TM) i5-10400F CPU @ 2.90GHz, 12 cores, 15G,  Windows 11 , 64 bit Build 22621 (10.0.22621.5262)
Time: Mon Jun  9 10:08:20 2025 Hora de verano romance elapsed time: 620.298412 seconds (0d 0h 10m 20s)

---------------  T H R E A D  ---------------

Current thread (0x00000254c55b06c0):  JavaThread "C2 CompilerThread0" daemon [_thread_in_native, id=5712, stack(0x0000006b95200000,0x0000006b95300000) (1024K)]


Current CompileTask:
C2:620298  402       4       java.util.Properties::loadConvert (540 bytes)

Stack: [0x0000006b95200000,0x0000006b95300000]
Native frames: (J=compiled Java code, j=interpreted, Vv=VM code, C=native code)
V  [jvm.dll+0x6cd4e9]
V  [jvm.dll+0x8a7941]
V  [jvm.dll+0x8a9e6e]
V  [jvm.dll+0x8aa543]
V  [jvm.dll+0x27f6d6]
V  [jvm.dll+0xc500d]
V  [jvm.dll+0xc5543]
V  [jvm.dll+0x3b65d2]
V  [jvm.dll+0x382835]
V  [jvm.dll+0x381c9a]
V  [jvm.dll+0x2479d0]
V  [jvm.dll+0x246faf]
V  [jvm.dll+0x1c75ce]
V  [jvm.dll+0x25682a]
V  [jvm.dll+0x254dca]
V  [jvm.dll+0x3f00d6]
V  [jvm.dll+0x8514fb]
V  [jvm.dll+0x6cbbed]
C  [ucrtbase.dll+0x29333]
C  [KERNEL32.DLL+0x1259d]
C  [ntdll.dll+0x5af58]


---------------  P R O C E S S  ---------------

Threads class SMR info:
_java_thread_list=0x00000254c589e6a0, length=14, elements={
0x00000254a87219e0, 0x00000254c5579880, 0x00000254c557af30, 0x00000254c557cf00,
0x00000254c557fa60, 0x00000254c5581520, 0x00000254c558e8c0, 0x00000254c55b06c0,
0x00000254c55b2900, 0x00000254c5831c20, 0x00000254c583c0d0, 0x00000254c5738180,
0x00000254c59aefb0, 0x00000254c59af650
}

Java Threads: ( => current thread )
  0x00000254a87219e0 JavaThread "main"                              [_thread_in_vm, id=4828, stack(0x0000006b94400000,0x0000006b94500000) (1024K)]
  0x00000254c5579880 JavaThread "Reference Handler"          daemon [_thread_blocked, id=15320, stack(0x0000006b94c00000,0x0000006b94d00000) (1024K)]
  0x00000254c557af30 JavaThread "Finalizer"                  daemon [_thread_blocked, id=15820, stack(0x0000006b94d00000,0x0000006b94e00000) (1024K)]
  0x00000254c557cf00 JavaThread "Signal Dispatcher"          daemon [_thread_blocked, id=3960, stack(0x0000006b94e00000,0x0000006b94f00000) (1024K)]
  0x00000254c557fa60 JavaThread "Attach Listener"            daemon [_thread_blocked, id=4320, stack(0x0000006b94f00000,0x0000006b95000000) (1024K)]
  0x00000254c5581520 JavaThread "Service Thread"             daemon [_thread_blocked, id=20680, stack(0x0000006b95000000,0x0000006b95100000) (1024K)]
  0x00000254c558e8c0 JavaThread "Monitor Deflation Thread"   daemon [_thread_blocked, id=15584, stack(0x0000006b95100000,0x0000006b95200000) (1024K)]
=>0x00000254c55b06c0 JavaThread "C2 CompilerThread0"         daemon [_thread_in_native, id=5712, stack(0x0000006b95200000,0x0000006b95300000) (1024K)]
  0x00000254c55b2900 JavaThread "C1 CompilerThread0"         daemon [_thread_blocked, id=6656, stack(0x0000006b95300000,0x0000006b95400000) (1024K)]
  0x00000254c5831c20 JavaThread "Notification Thread"        daemon [_thread_blocked, id=1924, stack(0x0000006b95400000,0x0000006b95500000) (1024K)]
  0x00000254c583c0d0 JavaThread "Common-Cleaner"             daemon [_thread_blocked, id=5268, stack(0x0000006b95500000,0x0000006b95600000) (1024K)]
  0x00000254c5738180 JavaThread "mysql-cj-abandoned-connection-cleanup" daemon [_thread_blocked, id=1536, stack(0x0000006b94200000,0x0000006b94300000) (1024K)]
  0x00000254c59aefb0 JavaThread "C2 CompilerThread1"         daemon [_thread_blocked, id=3376, stack(0x0000006b94300000,0x0000006b94400000) (1024K)]
  0x00000254c59af650 JavaThread "C2 CompilerThread2"         daemon [_thread_blocked, id=19288, stack(0x0000006b95600000,0x0000006b95700000) (1024K)]
Total: 14

Other Threads:
  0x00000254a86ff200 VMThread "VM Thread"                           [id=13940, stack(0x0000006b94b00000,0x0000006b94c00000) (1024K)]
  0x00000254c554ad60 WatcherThread "VM Periodic Task Thread"        [id=9336, stack(0x0000006b94a00000,0x0000006b94b00000) (1024K)]
  0x00000254a86feac0 WorkerThread "GC Thread#0"                     [id=18820, stack(0x0000006b94500000,0x0000006b94600000) (1024K)]
  0x00000254aa9d9120 ConcurrentGCThread "G1 Main Marker"            [id=14300, stack(0x0000006b94600000,0x0000006b94700000) (1024K)]
  0x00000254a86fee60 WorkerThread "G1 Conc#0"                       [id=10172, stack(0x0000006b94700000,0x0000006b94800000) (1024K)]
  0x00000254aaa1e8e0 ConcurrentGCThread "G1 Refine#0"               [id=20352, stack(0x0000006b94800000,0x0000006b94900000) (1024K)]
  0x00000254c541d710 ConcurrentGCThread "G1 Service"                [id=3224, stack(0x0000006b94900000,0x0000006b94a00000) (1024K)]
Total: 7

Threads with active compile tasks:
C2 CompilerThread0  620313  402       4       java.util.Properties::loadConvert (540 bytes)
Total: 1

VM state: not at safepoint (normal execution)

VM Mutex/Monitor currently owned by a thread: None

Heap address: 0x0000000702600000, size: 4058 MB, Compressed Oops mode: Zero based, Oop shift amount: 3

CDS archive(s) mapped at: [0x00000254c6000000-0x00000254c6c80000-0x00000254c6c80000), size 13107200, SharedBaseAddress: 0x00000254c6000000, ArchiveRelocationMode: 1.
Compressed class space mapped at: 0x00000254c7000000-0x0000025507000000, reserved size: 1073741824
Narrow klass base: 0x00000254c6000000, Narrow klass shift: 0, Narrow klass range: 0x100000000

GC Precious Log:
 CardTable entry size: 512
 Card Set container configuration: InlinePtr #cards 4 size 8 Array Of Cards #cards 16 size 48 Howl #buckets 8 coarsen threshold 3686 Howl Bitmap #cards 512 size 80 coarsen threshold 460 Card regions per heap region 1 cards per card region 4096
 CPUs: 12 total, 12 available
 Memory: 16231M
 Large Page Support: Disabled
 NUMA Support: Disabled
 Compressed Oops: Enabled (Zero based)
 Heap Region Size: 2M
 Heap Min Capacity: 8M
 Heap Initial Capacity: 254M
 Heap Max Capacity: 4058M
 Pre-touch: Disabled
 Parallel Workers: 10
 Concurrent Workers: 3
 Concurrent Refinement Workers: 10
 Periodic GC: Disabled

Heap:
 garbage-first heap   total 260096K, used 8192K [0x0000000702600000, 0x0000000800000000)
  region size 2048K, 5 young (10240K), 0 survivors (0K)
 Metaspace       used 2384K, committed 2560K, reserved 1114112K
  class space    used 202K, committed 256K, reserved 1048576K

Heap Regions: E=young(eden), S=young(survivor), O=old, HS=humongous(starts), HC=humongous(continues), CS=collection set, F=free, TAMS=top-at-mark-start, PB=parsable bottom
|   0|0x0000000702600000, 0x0000000702600000, 0x0000000702800000|  0%| F|  |TAMS 0x0000000702600000| PB 0x0000000702600000| Untracked 
|   1|0x0000000702800000, 0x0000000702800000, 0x0000000702a00000|  0%| F|  |TAMS 0x0000000702800000| PB 0x0000000702800000| Untracked 
|   2|0x0000000702a00000, 0x0000000702a00000, 0x0000000702c00000|  0%| F|  |TAMS 0x0000000702a00000| PB 0x0000000702a00000| Untracked 
|   3|0x0000000702c00000, 0x0000000702c00000, 0x0000000702e00000|  0%| F|  |TAMS 0x0000000702c00000| PB 0x0000000702c00000| Untracked 
|   4|0x0000000702e00000, 0x0000000702e00000, 0x0000000703000000|  0%| F|  |TAMS 0x0000000702e00000| PB 0x0000000702e00000| Untracked 
|   5|0x0000000703000000, 0x0000000703000000, 0x0000000703200000|  0%| F|  |TAMS 0x0000000703000000| PB 0x0000000703000000| Untracked 
|   6|0x0000000703200000, 0x0000000703200000, 0x0000000703400000|  0%| F|  |TAMS 0x0000000703200000| PB 0x0000000703200000| Untracked 
|   7|0x0000000703400000, 0x0000000703400000, 0x0000000703600000|  0%| F|  |TAMS 0x0000000703400000| PB 0x0000000703400000| Untracked 
|   8|0x0000000703600000, 0x0000000703600000, 0x0000000703800000|  0%| F|  |TAMS 0x0000000703600000| PB 0x0000000703600000| Untracked 
|   9|0x0000000703800000, 0x0000000703800000, 0x0000000703a00000|  0%| F|  |TAMS 0x0000000703800000| PB 0x0000000703800000| Untracked 
|  10|0x0000000703a00000, 0x0000000703a00000, 0x0000000703c00000|  0%| F|  |TAMS 0x0000000703a00000| PB 0x0000000703a00000| Untracked 
|  11|0x0000000703c00000, 0x0000000703c00000, 0x0000000703e00000|  0%| F|  |TAMS 0x0000000703c00000| PB 0x0000000703c00000| Untracked 
|  12|0x0000000703e00000, 0x0000000703e00000, 0x0000000704000000|  0%| F|  |TAMS 0x0000000703e00000| PB 0x0000000703e00000| Untracked 
|  13|0x0000000704000000, 0x0000000704000000, 0x0000000704200000|  0%| F|  |TAMS 0x0000000704000000| PB 0x0000000704000000| Untracked 
|  14|0x0000000704200000, 0x0000000704200000, 0x0000000704400000|  0%| F|  |TAMS 0x0000000704200000| PB 0x0000000704200000| Untracked 
|  15|0x0000000704400000, 0x0000000704400000, 0x0000000704600000|  0%| F|  |TAMS 0x0000000704400000| PB 0x0000000704400000| Untracked 
|  16|0x0000000704600000, 0x0000000704600000, 0x0000000704800000|  0%| F|  |TAMS 0x0000000704600000| PB 0x0000000704600000| Untracked 
|  17|0x0000000704800000, 0x0000000704800000, 0x0000000704a00000|  0%| F|  |TAMS 0x0000000704800000| PB 0x0000000704800000| Untracked 
|  18|0x0000000704a00000, 0x0000000704a00000, 0x0000000704c00000|  0%| F|  |TAMS 0x0000000704a00000| PB 0x0000000704a00000| Untracked 
|  19|0x0000000704c00000, 0x0000000704c00000, 0x0000000704e00000|  0%| F|  |TAMS 0x0000000704c00000| PB 0x0000000704c00000| Untracked 
|  20|0x0000000704e00000, 0x0000000704e00000, 0x0000000705000000|  0%| F|  |TAMS 0x0000000704e00000| PB 0x0000000704e00000| Untracked 
|  21|0x0000000705000000, 0x0000000705000000, 0x0000000705200000|  0%| F|  |TAMS 0x0000000705000000| PB 0x0000000705000000| Untracked 
|  22|0x0000000705200000, 0x0000000705200000, 0x0000000705400000|  0%| F|  |TAMS 0x0000000705200000| PB 0x0000000705200000| Untracked 
|  23|0x0000000705400000, 0x0000000705400000, 0x0000000705600000|  0%| F|  |TAMS 0x0000000705400000| PB 0x0000000705400000| Untracked 
|  24|0x0000000705600000, 0x0000000705600000, 0x0000000705800000|  0%| F|  |TAMS 0x0000000705600000| PB 0x0000000705600000| Untracked 
|  25|0x0000000705800000, 0x0000000705800000, 0x0000000705a00000|  0%| F|  |TAMS 0x0000000705800000| PB 0x0000000705800000| Untracked 
|  26|0x0000000705a00000, 0x0000000705a00000, 0x0000000705c00000|  0%| F|  |TAMS 0x0000000705a00000| PB 0x0000000705a00000| Untracked 
|  27|0x0000000705c00000, 0x0000000705c00000, 0x0000000705e00000|  0%| F|  |TAMS 0x0000000705c00000| PB 0x0000000705c00000| Untracked 
|  28|0x0000000705e00000, 0x0000000705e00000, 0x0000000706000000|  0%| F|  |TAMS 0x0000000705e00000| PB 0x0000000705e00000| Untracked 
|  29|0x0000000706000000, 0x0000000706000000, 0x0000000706200000|  0%| F|  |TAMS 0x0000000706000000| PB 0x0000000706000000| Untracked 
|  30|0x0000000706200000, 0x0000000706200000, 0x0000000706400000|  0%| F|  |TAMS 0x0000000706200000| PB 0x0000000706200000| Untracked 
|  31|0x0000000706400000, 0x0000000706400000, 0x0000000706600000|  0%| F|  |TAMS 0x0000000706400000| PB 0x0000000706400000| Untracked 
|  32|0x0000000706600000, 0x0000000706600000, 0x0000000706800000|  0%| F|  |TAMS 0x0000000706600000| PB 0x0000000706600000| Untracked 
|  33|0x0000000706800000, 0x0000000706800000, 0x0000000706a00000|  0%| F|  |TAMS 0x0000000706800000| PB 0x0000000706800000| Untracked 
|  34|0x0000000706a00000, 0x0000000706a00000, 0x0000000706c00000|  0%| F|  |TAMS 0x0000000706a00000| PB 0x0000000706a00000| Untracked 
|  35|0x0000000706c00000, 0x0000000706c00000, 0x0000000706e00000|  0%| F|  |TAMS 0x0000000706c00000| PB 0x0000000706c00000| Untracked 
|  36|0x0000000706e00000, 0x0000000706e00000, 0x0000000707000000|  0%| F|  |TAMS 0x0000000706e00000| PB 0x0000000706e00000| Untracked 
|  37|0x0000000707000000, 0x0000000707000000, 0x0000000707200000|  0%| F|  |TAMS 0x0000000707000000| PB 0x0000000707000000| Untracked 
|  38|0x0000000707200000, 0x0000000707200000, 0x0000000707400000|  0%| F|  |TAMS 0x0000000707200000| PB 0x0000000707200000| Untracked 
|  39|0x0000000707400000, 0x0000000707400000, 0x0000000707600000|  0%| F|  |TAMS 0x0000000707400000| PB 0x0000000707400000| Untracked 
|  40|0x0000000707600000, 0x0000000707600000, 0x0000000707800000|  0%| F|  |TAMS 0x0000000707600000| PB 0x0000000707600000| Untracked 
|  41|0x0000000707800000, 0x0000000707800000, 0x0000000707a00000|  0%| F|  |TAMS 0x0000000707800000| PB 0x0000000707800000| Untracked 
|  42|0x0000000707a00000, 0x0000000707a00000, 0x0000000707c00000|  0%| F|  |TAMS 0x0000000707a00000| PB 0x0000000707a00000| Untracked 
|  43|0x0000000707c00000, 0x0000000707c00000, 0x0000000707e00000|  0%| F|  |TAMS 0x0000000707c00000| PB 0x0000000707c00000| Untracked 
|  44|0x0000000707e00000, 0x0000000707e00000, 0x0000000708000000|  0%| F|  |TAMS 0x0000000707e00000| PB 0x0000000707e00000| Untracked 
|  45|0x0000000708000000, 0x0000000708000000, 0x0000000708200000|  0%| F|  |TAMS 0x0000000708000000| PB 0x0000000708000000| Untracked 
|  46|0x0000000708200000, 0x0000000708200000, 0x0000000708400000|  0%| F|  |TAMS 0x0000000708200000| PB 0x0000000708200000| Untracked 
|  47|0x0000000708400000, 0x0000000708400000, 0x0000000708600000|  0%| F|  |TAMS 0x0000000708400000| PB 0x0000000708400000| Untracked 
|  48|0x0000000708600000, 0x0000000708600000, 0x0000000708800000|  0%| F|  |TAMS 0x0000000708600000| PB 0x0000000708600000| Untracked 
|  49|0x0000000708800000, 0x0000000708800000, 0x0000000708a00000|  0%| F|  |TAMS 0x0000000708800000| PB 0x0000000708800000| Untracked 
|  50|0x0000000708a00000, 0x0000000708a00000, 0x0000000708c00000|  0%| F|  |TAMS 0x0000000708a00000| PB 0x0000000708a00000| Untracked 
|  51|0x0000000708c00000, 0x0000000708c00000, 0x0000000708e00000|  0%| F|  |TAMS 0x0000000708c00000| PB 0x0000000708c00000| Untracked 
|  52|0x0000000708e00000, 0x0000000708e00000, 0x0000000709000000|  0%| F|  |TAMS 0x0000000708e00000| PB 0x0000000708e00000| Untracked 
|  53|0x0000000709000000, 0x0000000709000000, 0x0000000709200000|  0%| F|  |TAMS 0x0000000709000000| PB 0x0000000709000000| Untracked 
|  54|0x0000000709200000, 0x0000000709200000, 0x0000000709400000|  0%| F|  |TAMS 0x0000000709200000| PB 0x0000000709200000| Untracked 
|  55|0x0000000709400000, 0x0000000709400000, 0x0000000709600000|  0%| F|  |TAMS 0x0000000709400000| PB 0x0000000709400000| Untracked 
|  56|0x0000000709600000, 0x0000000709600000, 0x0000000709800000|  0%| F|  |TAMS 0x0000000709600000| PB 0x0000000709600000| Untracked 
|  57|0x0000000709800000, 0x0000000709800000, 0x0000000709a00000|  0%| F|  |TAMS 0x0000000709800000| PB 0x0000000709800000| Untracked 
|  58|0x0000000709a00000, 0x0000000709a00000, 0x0000000709c00000|  0%| F|  |TAMS 0x0000000709a00000| PB 0x0000000709a00000| Untracked 
|  59|0x0000000709c00000, 0x0000000709c00000, 0x0000000709e00000|  0%| F|  |TAMS 0x0000000709c00000| PB 0x0000000709c00000| Untracked 
|  60|0x0000000709e00000, 0x0000000709e00000, 0x000000070a000000|  0%| F|  |TAMS 0x0000000709e00000| PB 0x0000000709e00000| Untracked 
|  61|0x000000070a000000, 0x000000070a000000, 0x000000070a200000|  0%| F|  |TAMS 0x000000070a000000| PB 0x000000070a000000| Untracked 
|  62|0x000000070a200000, 0x000000070a200000, 0x000000070a400000|  0%| F|  |TAMS 0x000000070a200000| PB 0x000000070a200000| Untracked 
|  63|0x000000070a400000, 0x000000070a400000, 0x000000070a600000|  0%| F|  |TAMS 0x000000070a400000| PB 0x000000070a400000| Untracked 
|  64|0x000000070a600000, 0x000000070a600000, 0x000000070a800000|  0%| F|  |TAMS 0x000000070a600000| PB 0x000000070a600000| Untracked 
|  65|0x000000070a800000, 0x000000070a800000, 0x000000070aa00000|  0%| F|  |TAMS 0x000000070a800000| PB 0x000000070a800000| Untracked 
|  66|0x000000070aa00000, 0x000000070aa00000, 0x000000070ac00000|  0%| F|  |TAMS 0x000000070aa00000| PB 0x000000070aa00000| Untracked 
|  67|0x000000070ac00000, 0x000000070ac00000, 0x000000070ae00000|  0%| F|  |TAMS 0x000000070ac00000| PB 0x000000070ac00000| Untracked 
|  68|0x000000070ae00000, 0x000000070ae00000, 0x000000070b000000|  0%| F|  |TAMS 0x000000070ae00000| PB 0x000000070ae00000| Untracked 
|  69|0x000000070b000000, 0x000000070b000000, 0x000000070b200000|  0%| F|  |TAMS 0x000000070b000000| PB 0x000000070b000000| Untracked 
|  70|0x000000070b200000, 0x000000070b200000, 0x000000070b400000|  0%| F|  |TAMS 0x000000070b200000| PB 0x000000070b200000| Untracked 
|  71|0x000000070b400000, 0x000000070b400000, 0x000000070b600000|  0%| F|  |TAMS 0x000000070b400000| PB 0x000000070b400000| Untracked 
|  72|0x000000070b600000, 0x000000070b600000, 0x000000070b800000|  0%| F|  |TAMS 0x000000070b600000| PB 0x000000070b600000| Untracked 
|  73|0x000000070b800000, 0x000000070b800000, 0x000000070ba00000|  0%| F|  |TAMS 0x000000070b800000| PB 0x000000070b800000| Untracked 
|  74|0x000000070ba00000, 0x000000070ba00000, 0x000000070bc00000|  0%| F|  |TAMS 0x000000070ba00000| PB 0x000000070ba00000| Untracked 
|  75|0x000000070bc00000, 0x000000070bc00000, 0x000000070be00000|  0%| F|  |TAMS 0x000000070bc00000| PB 0x000000070bc00000| Untracked 
|  76|0x000000070be00000, 0x000000070be00000, 0x000000070c000000|  0%| F|  |TAMS 0x000000070be00000| PB 0x000000070be00000| Untracked 
|  77|0x000000070c000000, 0x000000070c000000, 0x000000070c200000|  0%| F|  |TAMS 0x000000070c000000| PB 0x000000070c000000| Untracked 
|  78|0x000000070c200000, 0x000000070c200000, 0x000000070c400000|  0%| F|  |TAMS 0x000000070c200000| PB 0x000000070c200000| Untracked 
|  79|0x000000070c400000, 0x000000070c400000, 0x000000070c600000|  0%| F|  |TAMS 0x000000070c400000| PB 0x000000070c400000| Untracked 
|  80|0x000000070c600000, 0x000000070c600000, 0x000000070c800000|  0%| F|  |TAMS 0x000000070c600000| PB 0x000000070c600000| Untracked 
|  81|0x000000070c800000, 0x000000070c800000, 0x000000070ca00000|  0%| F|  |TAMS 0x000000070c800000| PB 0x000000070c800000| Untracked 
|  82|0x000000070ca00000, 0x000000070ca00000, 0x000000070cc00000|  0%| F|  |TAMS 0x000000070ca00000| PB 0x000000070ca00000| Untracked 
|  83|0x000000070cc00000, 0x000000070cc00000, 0x000000070ce00000|  0%| F|  |TAMS 0x000000070cc00000| PB 0x000000070cc00000| Untracked 
|  84|0x000000070ce00000, 0x000000070ce00000, 0x000000070d000000|  0%| F|  |TAMS 0x000000070ce00000| PB 0x000000070ce00000| Untracked 
|  85|0x000000070d000000, 0x000000070d000000, 0x000000070d200000|  0%| F|  |TAMS 0x000000070d000000| PB 0x000000070d000000| Untracked 
|  86|0x000000070d200000, 0x000000070d200000, 0x000000070d400000|  0%| F|  |TAMS 0x000000070d200000| PB 0x000000070d200000| Untracked 
|  87|0x000000070d400000, 0x000000070d400000, 0x000000070d600000|  0%| F|  |TAMS 0x000000070d400000| PB 0x000000070d400000| Untracked 
|  88|0x000000070d600000, 0x000000070d600000, 0x000000070d800000|  0%| F|  |TAMS 0x000000070d600000| PB 0x000000070d600000| Untracked 
|  89|0x000000070d800000, 0x000000070d800000, 0x000000070da00000|  0%| F|  |TAMS 0x000000070d800000| PB 0x000000070d800000| Untracked 
|  90|0x000000070da00000, 0x000000070da00000, 0x000000070dc00000|  0%| F|  |TAMS 0x000000070da00000| PB 0x000000070da00000| Untracked 
|  91|0x000000070dc00000, 0x000000070dc00000, 0x000000070de00000|  0%| F|  |TAMS 0x000000070dc00000| PB 0x000000070dc00000| Untracked 
|  92|0x000000070de00000, 0x000000070de00000, 0x000000070e000000|  0%| F|  |TAMS 0x000000070de00000| PB 0x000000070de00000| Untracked 
|  93|0x000000070e000000, 0x000000070e000000, 0x000000070e200000|  0%| F|  |TAMS 0x000000070e000000| PB 0x000000070e000000| Untracked 
|  94|0x000000070e200000, 0x000000070e200000, 0x000000070e400000|  0%| F|  |TAMS 0x000000070e200000| PB 0x000000070e200000| Untracked 
|  95|0x000000070e400000, 0x000000070e400000, 0x000000070e600000|  0%| F|  |TAMS 0x000000070e400000| PB 0x000000070e400000| Untracked 
|  96|0x000000070e600000, 0x000000070e600000, 0x000000070e800000|  0%| F|  |TAMS 0x000000070e600000| PB 0x000000070e600000| Untracked 
|  97|0x000000070e800000, 0x000000070e800000, 0x000000070ea00000|  0%| F|  |TAMS 0x000000070e800000| PB 0x000000070e800000| Untracked 
|  98|0x000000070ea00000, 0x000000070ea00000, 0x000000070ec00000|  0%| F|  |TAMS 0x000000070ea00000| PB 0x000000070ea00000| Untracked 
|  99|0x000000070ec00000, 0x000000070ec00000, 0x000000070ee00000|  0%| F|  |TAMS 0x000000070ec00000| PB 0x000000070ec00000| Untracked 
| 100|0x000000070ee00000, 0x000000070ee00000, 0x000000070f000000|  0%| F|  |TAMS 0x000000070ee00000| PB 0x000000070ee00000| Untracked 
| 101|0x000000070f000000, 0x000000070f000000, 0x000000070f200000|  0%| F|  |TAMS 0x000000070f000000| PB 0x000000070f000000| Untracked 
| 102|0x000000070f200000, 0x000000070f200000, 0x000000070f400000|  0%| F|  |TAMS 0x000000070f200000| PB 0x000000070f200000| Untracked 
| 103|0x000000070f400000, 0x000000070f400000, 0x000000070f600000|  0%| F|  |TAMS 0x000000070f400000| PB 0x000000070f400000| Untracked 
| 104|0x000000070f600000, 0x000000070f600000, 0x000000070f800000|  0%| F|  |TAMS 0x000000070f600000| PB 0x000000070f600000| Untracked 
| 105|0x000000070f800000, 0x000000070f800000, 0x000000070fa00000|  0%| F|  |TAMS 0x000000070f800000| PB 0x000000070f800000| Untracked 
| 106|0x000000070fa00000, 0x000000070fa00000, 0x000000070fc00000|  0%| F|  |TAMS 0x000000070fa00000| PB 0x000000070fa00000| Untracked 
| 107|0x000000070fc00000, 0x000000070fc00000, 0x000000070fe00000|  0%| F|  |TAMS 0x000000070fc00000| PB 0x000000070fc00000| Untracked 
| 108|0x000000070fe00000, 0x000000070fe00000, 0x0000000710000000|  0%| F|  |TAMS 0x000000070fe00000| PB 0x000000070fe00000| Untracked 
| 109|0x0000000710000000, 0x0000000710000000, 0x0000000710200000|  0%| F|  |TAMS 0x0000000710000000| PB 0x0000000710000000| Untracked 
| 110|0x0000000710200000, 0x0000000710200000, 0x0000000710400000|  0%| F|  |TAMS 0x0000000710200000| PB 0x0000000710200000| Untracked 
| 111|0x0000000710400000, 0x0000000710400000, 0x0000000710600000|  0%| F|  |TAMS 0x0000000710400000| PB 0x0000000710400000| Untracked 
| 112|0x0000000710600000, 0x0000000710600000, 0x0000000710800000|  0%| F|  |TAMS 0x0000000710600000| PB 0x0000000710600000| Untracked 
| 113|0x0000000710800000, 0x0000000710800000, 0x0000000710a00000|  0%| F|  |TAMS 0x0000000710800000| PB 0x0000000710800000| Untracked 
| 114|0x0000000710a00000, 0x0000000710a00000, 0x0000000710c00000|  0%| F|  |TAMS 0x0000000710a00000| PB 0x0000000710a00000| Untracked 
| 115|0x0000000710c00000, 0x0000000710c00000, 0x0000000710e00000|  0%| F|  |TAMS 0x0000000710c00000| PB 0x0000000710c00000| Untracked 
| 116|0x0000000710e00000, 0x0000000710e00000, 0x0000000711000000|  0%| F|  |TAMS 0x0000000710e00000| PB 0x0000000710e00000| Untracked 
| 117|0x0000000711000000, 0x0000000711000000, 0x0000000711200000|  0%| F|  |TAMS 0x0000000711000000| PB 0x0000000711000000| Untracked 
| 118|0x0000000711200000, 0x0000000711200000, 0x0000000711400000|  0%| F|  |TAMS 0x0000000711200000| PB 0x0000000711200000| Untracked 
| 119|0x0000000711400000, 0x0000000711400000, 0x0000000711600000|  0%| F|  |TAMS 0x0000000711400000| PB 0x0000000711400000| Untracked 
| 120|0x0000000711600000, 0x0000000711600000, 0x0000000711800000|  0%| F|  |TAMS 0x0000000711600000| PB 0x0000000711600000| Untracked 
| 121|0x0000000711800000, 0x0000000711800000, 0x0000000711a00000|  0%| F|  |TAMS 0x0000000711800000| PB 0x0000000711800000| Untracked 
| 122|0x0000000711a00000, 0x0000000711a82958, 0x0000000711c00000| 25%| E|  |TAMS 0x0000000711a00000| PB 0x0000000711a00000| Complete 
| 123|0x0000000711c00000, 0x0000000711e00000, 0x0000000711e00000|100%| E|CS|TAMS 0x0000000711c00000| PB 0x0000000711c00000| Complete 
| 124|0x0000000711e00000, 0x0000000712000000, 0x0000000712000000|100%| E|CS|TAMS 0x0000000711e00000| PB 0x0000000711e00000| Complete 
| 125|0x0000000712000000, 0x0000000712200000, 0x0000000712200000|100%| E|CS|TAMS 0x0000000712000000| PB 0x0000000712000000| Complete 
| 126|0x0000000712200000, 0x0000000712400000, 0x0000000712400000|100%| E|CS|TAMS 0x0000000712200000| PB 0x0000000712200000| Complete 

Card table byte_map: [0x00000254be1b0000,0x00000254be9a0000] _byte_map_base: 0x00000254ba99d000

Marking Bits: (CMBitMap*) 0x00000254aa9c7550
 Bits: [0x00000254be9a0000, 0x00000254c2908000)

Polling page: 0x00000254aa120000

Metaspace:

Usage:
  Non-class:      2.32 MB used.
      Class:    216.70 KB used.
       Both:      2.53 MB used.

Virtual space:
  Non-class space:       64.00 MB reserved,       2.38 MB (  4%) committed,  1 nodes.
      Class space:        1.00 GB reserved,     320.00 KB ( <1%) committed,  1 nodes.
             Both:        1.06 GB reserved,       2.69 MB ( <1%) committed. 

Chunk freelists:
   Non-Class:  10.75 MB
       Class:  15.61 MB
        Both:  26.36 MB

MaxMetaspaceSize: unlimited
CompressedClassSpaceSize: 1.00 GB
Initial GC threshold: 21.00 MB
Current GC threshold: 21.00 MB
CDS: on
 - commit_granule_bytes: 65536.
 - commit_granule_words: 8192.
 - virtual_space_node_default_size: 8388608.
 - enlarge_chunks_in_place: 1.
 - use_allocation_guard: 0.


Internal statistics:

num_allocs_failed_limit: 0.
num_arena_births: 42.
num_arena_deaths: 0.
num_vsnodes_births: 2.
num_vsnodes_deaths: 0.
num_space_committed: 43.
num_space_uncommitted: 0.
num_chunks_returned_to_freelist: 0.
num_chunks_taken_from_freelist: 108.
num_chunk_merges: 0.
num_chunk_splits: 76.
num_chunks_enlarged: 54.
num_inconsistent_stats: 0.

CodeHeap 'non-profiled nmethods': size=120000Kb used=190Kb max_used=190Kb free=119809Kb
 bounds [0x00000254b5f40000, 0x00000254b61b0000, 0x00000254bd470000]
CodeHeap 'profiled nmethods': size=120000Kb used=704Kb max_used=704Kb free=119296Kb
 bounds [0x00000254ae470000, 0x00000254ae6e0000, 0x00000254b59a0000]
CodeHeap 'non-nmethods': size=5760Kb used=1358Kb max_used=1375Kb free=4401Kb
 bounds [0x00000254b59a0000, 0x00000254b5c10000, 0x00000254b5f40000]
 total_blobs=987 nmethods=524 adapters=368
 compilation: enabled
              stopped_count=0, restarted_count=0
 full_count=0

Compilation events (20 events):
Event: 620.287 Thread 0x00000254c55b2900 nmethod 465 0x00000254ae509510 code [0x00000254ae509760, 0x00000254ae509f30]
Event: 620.287 Thread 0x00000254c55b2900  466       3       java.lang.StringLatin1::regionMatchesCI (45 bytes)
Event: 620.287 Thread 0x00000254c55b2900 nmethod 466 0x00000254ae50a210 code [0x00000254ae50a3e0, 0x00000254ae50a698]
Event: 620.288 Thread 0x00000254c55b2900  467       3       jdk.internal.org.objectweb.asm.MethodWriter::visitVarInsn (302 bytes)
Event: 620.289 Thread 0x00000254c55b2900 nmethod 467 0x00000254ae50a810 code [0x00000254ae50aa80, 0x00000254ae50b3b0]
Event: 620.289 Thread 0x00000254c55b2900  468       3       java.lang.invoke.MethodHandle::<init> (37 bytes)
Event: 620.289 Thread 0x00000254c55b2900 nmethod 468 0x00000254ae50b610 code [0x00000254ae50b820, 0x00000254ae50bda8]
Event: 620.289 Thread 0x00000254c55b2900  469       3       java.lang.invoke.LambdaForm::prepare (108 bytes)
Event: 620.289 Thread 0x00000254c55b2900 nmethod 469 0x00000254ae50c010 code [0x00000254ae50c260, 0x00000254ae50ca50]
Event: 620.289 Thread 0x00000254c55b2900  470       1       java.io.File::getPath (5 bytes)
Event: 620.290 Thread 0x00000254c55b2900 nmethod 470 0x00000254b5f67290 code [0x00000254b5f67420, 0x00000254b5f674f0]
Event: 620.293 Thread 0x00000254c55b2900  472       1       java.lang.String::value (5 bytes)
Event: 620.293 Thread 0x00000254c55b2900 nmethod 472 0x00000254b5f67590 code [0x00000254b5f67720, 0x00000254b5f677f0]
Event: 620.293 Thread 0x00000254c59aefb0  462       4       java.lang.StringLatin1::inflate (34 bytes)
Event: 620.295 Thread 0x00000254c55b2900  474       3       java.io.WinNTFileSystem::normalize (143 bytes)
Event: 620.295 Thread 0x00000254c55b2900 nmethod 474 0x00000254ae50cd10 code [0x00000254ae50cfa0, 0x00000254ae50da08]
Event: 620.295 Thread 0x00000254c55b2900  476       3       java.util.WeakHashMap::maskNull (12 bytes)
Event: 620.295 Thread 0x00000254c55b2900 nmethod 476 0x00000254ae50de10 code [0x00000254ae50dfa0, 0x00000254ae50e0d8]
Event: 620.295 Thread 0x00000254c55b2900  475       1       java.lang.NamedPackage::module (5 bytes)
Event: 620.295 Thread 0x00000254c55b2900 nmethod 475 0x00000254b5f67c90 code [0x00000254b5f67e20, 0x00000254b5f67ef0]

GC Heap History (0 events):
No events

Dll operation events (6 events):
Event: 0.031 Loaded shared library C:\Users\CAMPUSFP\Downloads\eclipse-jee-2024-12-R-win32-x86_64\eclipse\plugins\org.eclipse.justj.openjdk.hotspot.jre.full.win32.x86_64_21.0.5.v20241023-1957\jre\bin\java.dll
Event: 0.068 Loaded shared library C:\Users\CAMPUSFP\Downloads\eclipse-jee-2024-12-R-win32-x86_64\eclipse\plugins\org.eclipse.justj.openjdk.hotspot.jre.full.win32.x86_64_21.0.5.v20241023-1957\jre\bin\zip.dll
Event: 0.130 Loaded shared library C:\Users\CAMPUSFP\Downloads\eclipse-jee-2024-12-R-win32-x86_64\eclipse\plugins\org.eclipse.justj.openjdk.hotspot.jre.full.win32.x86_64_21.0.5.v20241023-1957\jre\bin\jimage.dll
Event: 0.133 Loaded shared library C:\Users\CAMPUSFP\Downloads\eclipse-jee-2024-12-R-win32-x86_64\eclipse\plugins\org.eclipse.justj.openjdk.hotspot.jre.full.win32.x86_64_21.0.5.v20241023-1957\jre\bin\zip.dll
Event: 0.180 Loaded shared library C:\Users\CAMPUSFP\Downloads\eclipse-jee-2024-12-R-win32-x86_64\eclipse\plugins\org.eclipse.justj.openjdk.hotspot.jre.full.win32.x86_64_21.0.5.v20241023-1957\jre\bin\net.dll
Event: 0.187 Loaded shared library C:\Users\CAMPUSFP\Downloads\eclipse-jee-2024-12-R-win32-x86_64\eclipse\plugins\org.eclipse.justj.openjdk.hotspot.jre.full.win32.x86_64_21.0.5.v20241023-1957\jre\bin\nio.dll

Deoptimization events (20 events):
Event: 0.234 Thread 0x00000254a87219e0 DEOPT PACKING pc=0x00000254b5f4f188 sp=0x0000006b944feda0
Event: 0.234 Thread 0x00000254a87219e0 DEOPT UNPACKING pc=0x00000254b59f46a2 sp=0x0000006b944fed80 mode 2
Event: 620.232 Thread 0x00000254a87219e0 Uncommon trap: trap_request=0xffffffde fr.pc=0x00000254b5f4df64 relative=0x0000000000000304
Event: 620.232 Thread 0x00000254a87219e0 Uncommon trap: reason=class_check action=maybe_recompile pc=0x00000254b5f4df64 method=java.util.regex.Pattern$BmpCharPropertyGreedy.match(Ljava/util/regex/Matcher;ILjava/lang/CharSequence;)Z @ 26 c2
Event: 620.232 Thread 0x00000254a87219e0 DEOPT PACKING pc=0x00000254b5f4df64 sp=0x0000006b944feac0
Event: 620.232 Thread 0x00000254a87219e0 DEOPT UNPACKING pc=0x00000254b59f46a2 sp=0x0000006b944fea78 mode 2
Event: 620.242 Thread 0x00000254a87219e0 Uncommon trap: trap_request=0xffffffde fr.pc=0x00000254b5f4df64 relative=0x0000000000000304
Event: 620.242 Thread 0x00000254a87219e0 Uncommon trap: reason=class_check action=maybe_recompile pc=0x00000254b5f4df64 method=java.util.regex.Pattern$BmpCharPropertyGreedy.match(Ljava/util/regex/Matcher;ILjava/lang/CharSequence;)Z @ 26 c2
Event: 620.242 Thread 0x00000254a87219e0 DEOPT PACKING pc=0x00000254b5f4df64 sp=0x0000006b944fe9c0
Event: 620.242 Thread 0x00000254a87219e0 DEOPT UNPACKING pc=0x00000254b59f46a2 sp=0x0000006b944fe978 mode 2
Event: 620.242 Thread 0x00000254a87219e0 Uncommon trap: trap_request=0xffffffde fr.pc=0x00000254b5f4df64 relative=0x0000000000000304
Event: 620.242 Thread 0x00000254a87219e0 Uncommon trap: reason=class_check action=maybe_recompile pc=0x00000254b5f4df64 method=java.util.regex.Pattern$BmpCharPropertyGreedy.match(Ljava/util/regex/Matcher;ILjava/lang/CharSequence;)Z @ 26 c2
Event: 620.242 Thread 0x00000254a87219e0 DEOPT PACKING pc=0x00000254b5f4df64 sp=0x0000006b944fe9c0
Event: 620.242 Thread 0x00000254a87219e0 DEOPT UNPACKING pc=0x00000254b59f46a2 sp=0x0000006b944fe978 mode 2
Event: 620.242 Thread 0x00000254a87219e0 Uncommon trap: trap_request=0xffffffde fr.pc=0x00000254b5f4df64 relative=0x0000000000000304
Event: 620.242 Thread 0x00000254a87219e0 Uncommon trap: reason=class_check action=maybe_recompile pc=0x00000254b5f4df64 method=java.util.regex.Pattern$BmpCharPropertyGreedy.match(Ljava/util/regex/Matcher;ILjava/lang/CharSequence;)Z @ 26 c2
Event: 620.242 Thread 0x00000254a87219e0 DEOPT PACKING pc=0x00000254b5f4df64 sp=0x0000006b944fe8a0
Event: 620.242 Thread 0x00000254a87219e0 DEOPT UNPACKING pc=0x00000254b59f46a2 sp=0x0000006b944fe858 mode 2
Event: 620.285 Thread 0x00000254a87219e0 DEOPT PACKING pc=0x00000254ae4d95c3 sp=0x0000006b944fa300
Event: 620.285 Thread 0x00000254a87219e0 DEOPT UNPACKING pc=0x00000254b59f4e42 sp=0x0000006b944f97a0 mode 0

Classes loaded (20 events):
Event: 620.250 Loading class sun/util/PropertyResourceBundleCharset$PropertiesFileDecoder
Event: 620.250 Loading class sun/util/PropertyResourceBundleCharset$PropertiesFileDecoder done
Event: 620.258 Loading class java/util/ResourceBundle$BundleReference
Event: 620.258 Loading class java/util/ResourceBundle$BundleReference done
Event: 620.259 Loading class java/text/MessageFormat
Event: 620.259 Loading class java/text/MessageFormat done
Event: 620.260 Loading class java/math/BigDecimal
Event: 620.261 Loading class java/math/BigDecimal done
Event: 620.261 Loading class java/math/MathContext
Event: 620.262 Loading class java/math/MathContext done
Event: 620.263 Loading class java/util/Collections$UnmodifiableMap$UnmodifiableEntrySet
Event: 620.264 Loading class java/util/Collections$UnmodifiableMap$UnmodifiableEntrySet done
Event: 620.264 Loading class java/util/Collections$UnmodifiableMap$UnmodifiableEntrySet$UnmodifiableEntrySetSpliterator
Event: 620.264 Loading class java/util/Collections$UnmodifiableMap$UnmodifiableEntrySet$UnmodifiableEntrySetSpliterator done
Event: 620.264 Loading class java/util/HashMap$EntrySpliterator
Event: 620.264 Loading class java/util/HashMap$EntrySpliterator done
Event: 620.264 Loading class java/lang/invoke/DirectMethodHandle$Special
Event: 620.264 Loading class java/lang/invoke/DirectMethodHandle$Special done
Event: 620.267 Loading class java/lang/NoSuchFieldError
Event: 620.267 Loading class java/lang/NoSuchFieldError done

Classes unloaded (0 events):
No events

Classes redefined (0 events):
No events

Internal exceptions (5 events):
Event: 620.224 Thread 0x00000254a87219e0 Exception <a 'java/lang/NoSuchMethodError'{0x0000000711e11700}: 'void java.lang.invoke.DirectMethodHandle$Holder.invokeStatic(java.lang.Object, java.lang.Object)'> (0x0000000711e11700) 
thrown [s\src\hotspot\share\interpreter\linkResolver.cpp, line 773]
Event: 620.246 Thread 0x00000254a87219e0 Exception <a 'java/lang/NoSuchMethodError'{0x0000000711f2c4f8}: 'java.lang.Object java.lang.invoke.DirectMethodHandle$Holder.invokeInterface(java.lang.Object, java.lang.Object)'> (0x0000000711f2c4f8) 
thrown [s\src\hotspot\share\interpreter\linkResolver.cpp, line 773]
Event: 620.264 Thread 0x00000254a87219e0 Exception <a 'java/lang/NoSuchMethodError'{0x0000000711fb5408}: 'void java.lang.invoke.DirectMethodHandle$Holder.invokeSpecial(java.lang.Object, java.lang.Object, java.lang.Object)'> (0x0000000711fb5408) 
thrown [s\src\hotspot\share\interpreter\linkResolver.cpp, line 773]
Event: 620.265 Thread 0x00000254a87219e0 Exception <a 'java/lang/NoSuchMethodError'{0x0000000711fbb7c0}: 'void java.lang.invoke.DirectMethodHandle$Holder.invokeStatic(java.lang.Object, java.lang.Object, java.lang.Object)'> (0x0000000711fbb7c0) 
thrown [s\src\hotspot\share\interpreter\linkResolver.cpp, line 773]
Event: 620.266 Thread 0x00000254a87219e0 Exception <a 'java/lang/NoSuchMethodError'{0x0000000711fc4cb8}: 'java.lang.Object java.lang.invoke.DirectMethodHandle$Holder.invokeVirtual(java.lang.Object, java.lang.Object, java.lang.Object)'> (0x0000000711fc4cb8) 
thrown [s\src\hotspot\share\interpreter\linkResolver.cpp, line 773]

ZGC Phase Switch (0 events):
No events

VM Operations (8 events):
Event: 0.223 Executing VM operation: HandshakeAllThreads (Deoptimize)
Event: 0.223 Executing VM operation: HandshakeAllThreads (Deoptimize) done
Event: 1.230 Executing VM operation: Cleanup
Event: 1.230 Executing VM operation: Cleanup done
Event: 620.260 Executing VM operation: HandshakeAllThreads (Deoptimize)
Event: 620.260 Executing VM operation: HandshakeAllThreads (Deoptimize) done
Event: 620.260 Executing VM operation: Cleanup
Event: 620.260 Executing VM operation: Cleanup done

Memory protections (0 events):
No events

Nmethod flushes (0 events):
No events

Events (13 events):
Event: 0.053 Thread 0x00000254a87219e0 Thread added: 0x00000254a87219e0
Event: 0.069 Thread 0x00000254a87219e0 Thread added: 0x00000254c5579880
Event: 0.069 Thread 0x00000254a87219e0 Thread added: 0x00000254c557af30
Event: 0.070 Thread 0x00000254a87219e0 Thread added: 0x00000254c557cf00
Event: 0.070 Thread 0x00000254a87219e0 Thread added: 0x00000254c557fa60
Event: 0.070 Thread 0x00000254a87219e0 Thread added: 0x00000254c5581520
Event: 0.070 Thread 0x00000254a87219e0 Thread added: 0x00000254c558e8c0
Event: 0.070 Thread 0x00000254a87219e0 Thread added: 0x00000254c55b06c0
Event: 0.070 Thread 0x00000254a87219e0 Thread added: 0x00000254c55b2900
Event: 0.081 Thread 0x00000254a87219e0 Thread added: 0x00000254c5831c20
Event: 0.100 Thread 0x00000254a87219e0 Thread added: 0x00000254c583c0d0
Event: 620.225 Thread 0x00000254a87219e0 Thread added: 0x00000254c5738180
Event: 620.293 Thread 0x00000254c55b2900 Thread added: 0x00000254c59aefb0


Dynamic libraries:
0x00007ff6e1600000 - 0x00007ff6e160e000 	C:\Users\CAMPUSFP\Downloads\eclipse-jee-2024-12-R-win32-x86_64\eclipse\plugins\org.eclipse.justj.openjdk.hotspot.jre.full.win32.x86_64_21.0.5.v20241023-1957\jre\bin\javaw.exe
0x00007ff94a8d0000 - 0x00007ff94aae7000 	C:\Windows\SYSTEM32\ntdll.dll
0x00007ff948de0000 - 0x00007ff948ea4000 	C:\Windows\System32\KERNEL32.DLL
0x00007ff947c50000 - 0x00007ff948023000 	C:\Windows\System32\KERNELBASE.dll
0x00007ff948060000 - 0x00007ff948171000 	C:\Windows\System32\ucrtbase.dll
0x00007ff9322a0000 - 0x00007ff9322b8000 	C:\Users\CAMPUSFP\Downloads\eclipse-jee-2024-12-R-win32-x86_64\eclipse\plugins\org.eclipse.justj.openjdk.hotspot.jre.full.win32.x86_64_21.0.5.v20241023-1957\jre\bin\jli.dll
0x00007ff948f60000 - 0x00007ff949111000 	C:\Windows\System32\USER32.dll
0x00007ff9482c0000 - 0x00007ff9482e6000 	C:\Windows\System32\win32u.dll
0x00007ff929c60000 - 0x00007ff929efb000 	C:\Windows\WinSxS\amd64_microsoft.windows.common-controls_6595b64144ccf1df_6.0.22621.5262_none_2712bde373830908\COMCTL32.dll
0x00007ff948b30000 - 0x00007ff948b59000 	C:\Windows\System32\GDI32.dll
0x00007ff949510000 - 0x00007ff9495b7000 	C:\Windows\System32\msvcrt.dll
0x00007ff9482f0000 - 0x00007ff948412000 	C:\Windows\System32\gdi32full.dll
0x00007ff947b30000 - 0x00007ff947bca000 	C:\Windows\System32\msvcp_win.dll
0x00007ff92adc0000 - 0x00007ff92adde000 	C:\Users\CAMPUSFP\Downloads\eclipse-jee-2024-12-R-win32-x86_64\eclipse\plugins\org.eclipse.justj.openjdk.hotspot.jre.full.win32.x86_64_21.0.5.v20241023-1957\jre\bin\VCRUNTIME140.dll
0x00007ff949420000 - 0x00007ff949451000 	C:\Windows\System32\IMM32.DLL
0x00007ff932290000 - 0x00007ff93229c000 	C:\Users\CAMPUSFP\Downloads\eclipse-jee-2024-12-R-win32-x86_64\eclipse\plugins\org.eclipse.justj.openjdk.hotspot.jre.full.win32.x86_64_21.0.5.v20241023-1957\jre\bin\vcruntime140_1.dll
0x00007ff9063a0000 - 0x00007ff90642d000 	C:\Users\CAMPUSFP\Downloads\eclipse-jee-2024-12-R-win32-x86_64\eclipse\plugins\org.eclipse.justj.openjdk.hotspot.jre.full.win32.x86_64_21.0.5.v20241023-1957\jre\bin\msvcp140.dll
0x00007ff8f86e0000 - 0x00007ff8f946f000 	C:\Users\CAMPUSFP\Downloads\eclipse-jee-2024-12-R-win32-x86_64\eclipse\plugins\org.eclipse.justj.openjdk.hotspot.jre.full.win32.x86_64_21.0.5.v20241023-1957\jre\bin\server\jvm.dll
0x00007ff948750000 - 0x00007ff948801000 	C:\Windows\System32\ADVAPI32.dll
0x00007ff949460000 - 0x00007ff949507000 	C:\Windows\System32\sechost.dll
0x00007ff948030000 - 0x00007ff948058000 	C:\Windows\System32\bcrypt.dll
0x00007ff94a770000 - 0x00007ff94a884000 	C:\Windows\System32\RPCRT4.dll
0x00007ff9489d0000 - 0x00007ff948a41000 	C:\Windows\System32\WS2_32.dll
0x00007ff947220000 - 0x00007ff94726d000 	C:\Windows\SYSTEM32\POWRPROF.dll
0x00007ff93f590000 - 0x00007ff93f59a000 	C:\Windows\SYSTEM32\VERSION.dll
0x00007ff93daf0000 - 0x00007ff93db24000 	C:\Windows\SYSTEM32\WINMM.dll
0x00007ff947200000 - 0x00007ff947213000 	C:\Windows\SYSTEM32\UMPDC.dll
0x00007ff9469c0000 - 0x00007ff9469d8000 	C:\Windows\SYSTEM32\kernel.appcore.dll
0x00007ff934700000 - 0x00007ff93470a000 	C:\Users\CAMPUSFP\Downloads\eclipse-jee-2024-12-R-win32-x86_64\eclipse\plugins\org.eclipse.justj.openjdk.hotspot.jre.full.win32.x86_64_21.0.5.v20241023-1957\jre\bin\jimage.dll
0x00007ff923620000 - 0x00007ff923852000 	C:\Windows\SYSTEM32\DBGHELP.DLL
0x00007ff9495d0000 - 0x00007ff949963000 	C:\Windows\System32\combase.dll
0x00007ff949120000 - 0x00007ff9491f7000 	C:\Windows\System32\OLEAUT32.dll
0x00007ff9248d0000 - 0x00007ff924902000 	C:\Windows\SYSTEM32\dbgcore.DLL
0x00007ff948180000 - 0x00007ff9481fb000 	C:\Windows\System32\bcryptPrimitives.dll
0x00007ff931ff0000 - 0x00007ff93200f000 	C:\Users\CAMPUSFP\Downloads\eclipse-jee-2024-12-R-win32-x86_64\eclipse\plugins\org.eclipse.justj.openjdk.hotspot.jre.full.win32.x86_64_21.0.5.v20241023-1957\jre\bin\java.dll
0x00007ff9499d0000 - 0x00007ff94a26d000 	C:\Windows\System32\SHELL32.dll
0x00007ff948420000 - 0x00007ff94855f000 	C:\Windows\System32\wintypes.dll
0x00007ff9458b0000 - 0x00007ff9461cd000 	C:\Windows\SYSTEM32\windows.storage.dll
0x00007ff948cd0000 - 0x00007ff948ddb000 	C:\Windows\System32\SHCORE.dll
0x00007ff948a50000 - 0x00007ff948ab6000 	C:\Windows\System32\shlwapi.dll
0x00007ff9478f0000 - 0x00007ff94791b000 	C:\Windows\SYSTEM32\profapi.dll
0x00007ff92fee0000 - 0x00007ff92fef8000 	C:\Users\CAMPUSFP\Downloads\eclipse-jee-2024-12-R-win32-x86_64\eclipse\plugins\org.eclipse.justj.openjdk.hotspot.jre.full.win32.x86_64_21.0.5.v20241023-1957\jre\bin\zip.dll
0x00007ff933100000 - 0x00007ff933110000 	C:\Users\CAMPUSFP\Downloads\eclipse-jee-2024-12-R-win32-x86_64\eclipse\plugins\org.eclipse.justj.openjdk.hotspot.jre.full.win32.x86_64_21.0.5.v20241023-1957\jre\bin\net.dll
0x00007ff9429b0000 - 0x00007ff942adc000 	C:\Windows\SYSTEM32\WINHTTP.dll
0x00007ff946e30000 - 0x00007ff946e9a000 	C:\Windows\system32\mswsock.dll
0x00007ff92daf0000 - 0x00007ff92db06000 	C:\Users\CAMPUSFP\Downloads\eclipse-jee-2024-12-R-win32-x86_64\eclipse\plugins\org.eclipse.justj.openjdk.hotspot.jre.full.win32.x86_64_21.0.5.v20241023-1957\jre\bin\nio.dll

dbghelp: loaded successfully - version: 4.0.5 - missing functions: none
symbol engine: initialized successfully - sym options: 0x614 - pdb path: .;C:\Users\CAMPUSFP\Downloads\eclipse-jee-2024-12-R-win32-x86_64\eclipse\plugins\org.eclipse.justj.openjdk.hotspot.jre.full.win32.x86_64_21.0.5.v20241023-1957\jre\bin;C:\Windows\SYSTEM32;C:\Windows\WinSxS\amd64_microsoft.windows.common-controls_6595b64144ccf1df_6.0.22621.5262_none_2712bde373830908;C:\Users\CAMPUSFP\Downloads\eclipse-jee-2024-12-R-win32-x86_64\eclipse\plugins\org.eclipse.justj.openjdk.hotspot.jre.full.win32.x86_64_21.0.5.v20241023-1957\jre\bin\server

VM Arguments:
jvm_args: -Dfile.encoding=UTF-8 -Dstdout.encoding=UTF-8 -Dstderr.encoding=UTF-8 -XX:+ShowCodeDetailsInExceptionMessages 
java_command: app.MainApp
java_class_path (initial): C:\programacion\java\Akihabara\bin;C:\Users\CAMPUSFP\Downloads\mysql-connector-j-9.3.0\mysql-connector-j-9.3.0\mysql-connector-j-9.3.0.jar;C:\Users\CAMPUSFP\Downloads\gson-2.10.1.jar
Launcher Type: SUN_STANDARD

[Global flags]
     intx CICompilerCount                          = 4                                         {product} {ergonomic}
     uint ConcGCThreads                            = 3                                         {product} {ergonomic}
     uint G1ConcRefinementThreads                  = 10                                        {product} {ergonomic}
   size_t G1HeapRegionSize                         = 2097152                                   {product} {ergonomic}
    uintx GCDrainStackTargetSize                   = 64                                        {product} {ergonomic}
   size_t InitialHeapSize                          = 266338304                                 {product} {ergonomic}
   size_t MarkStackSize                            = 4194304                                   {product} {ergonomic}
   size_t MaxHeapSize                              = 4255121408                                {product} {ergonomic}
   size_t MaxNewSize                               = 2552233984                                {product} {ergonomic}
   size_t MinHeapDeltaBytes                        = 2097152                                   {product} {ergonomic}
   size_t MinHeapSize                              = 8388608                                   {product} {ergonomic}
    uintx NonNMethodCodeHeapSize                   = 5839372                                {pd product} {ergonomic}
    uintx NonProfiledCodeHeapSize                  = 122909434                              {pd product} {ergonomic}
    uintx ProfiledCodeHeapSize                     = 122909434                              {pd product} {ergonomic}
    uintx ReservedCodeCacheSize                    = 251658240                              {pd product} {ergonomic}
     bool SegmentedCodeCache                       = true                                      {product} {ergonomic}
     bool ShowCodeDetailsInExceptionMessages       = true                                   {manageable} {command line}
   size_t SoftMaxHeapSize                          = 4255121408                             {manageable} {ergonomic}
     bool UseCompressedOops                        = true                           {product lp64_product} {ergonomic}
     bool UseG1GC                                  = true                                      {product} {ergonomic}
     bool UseLargePagesIndividualAllocation        = false                                  {pd product} {ergonomic}

Logging:
Log output configuration:
 #0: stdout all=warning uptime,level,tags foldmultilines=false
 #1: stderr all=off uptime,level,tags foldmultilines=false

Environment Variables:
PATH=C:/Users/CAMPUSFP/Downloads/eclipse-jee-2024-12-R-win32-x86_64/eclipse//plugins/org.eclipse.justj.openjdk.hotspot.jre.full.win32.x86_64_21.0.5.v20241023-1957/jre/bin/server;C:/Users/CAMPUSFP/Downloads/eclipse-jee-2024-12-R-win32-x86_64/eclipse//plugins/org.eclipse.justj.openjdk.hotspot.jre.full.win32.x86_64_21.0.5.v20241023-1957/jre/bin;C:\Program Files\Common Files\Oracle\Java\javapath;C:\Windows\system32;C:\Windows;C:\Windows\System32\Wbem;C:\Windows\System32\WindowsPowerShell\v1.0\;C:\Windows\System32\OpenSSH\;C:\Program Files\Git\cmd;C:\Program Files\Java\jdk-21\bin;C:\Program Files\Docker\Docker\resources\bin;C:\Users\CAMPUSFP\Downloads\mongosh-2.5.0-win32-x64\mongosh-2.5.0-win32-x64\bin;C:\Users\CAMPUSFP\AppData\Local\Microsoft\WindowsApps;C:\Users\CAMPUSFP\AppData\Local\Programs\Microsoft VS Code\bin;C:\ProgramData\CAMPUSFP\GitHubDesktop\bin;C:\Users\CAMPUSFP\AppData\Local\GitHubDesktop\bin;C:\xampp1\php;;C:\Users\CAMPUSFP\.lmstudio\bin;C:\Users\CAMPUSFP\Downloads\eclipse-jee-2024-12-R-win32-x86_64\eclipse;
USERNAME=CAMPUSFP
OS=Windows_NT
PROCESSOR_IDENTIFIER=Intel64 Family 6 Model 165 Stepping 3, GenuineIntel
TMP=C:\Users\CAMPUSFP\AppData\Local\Temp
TEMP=C:\Users\CAMPUSFP\AppData\Local\Temp




Periodic native trim disabled

---------------  S Y S T E M  ---------------

OS:
 Windows 11 , 64 bit Build 22621 (10.0.22621.5262)
OS uptime: 3 days 20:59 hours
Hyper-V role detected

CPU: total 12 (initial active 12) (6 cores per cpu, 2 threads per core) family 6 model 165 stepping 3 microcode 0xf6, cx8, cmov, fxsr, ht, mmx, 3dnowpref, sse, sse2, sse3, ssse3, sse4.1, sse4.2, popcnt, lzcnt, tsc, tscinvbit, avx, avx2, aes, erms, clmul, bmi1, bmi2, adx, fma, vzeroupper, clflush, clflushopt, hv, rdtscp, f16c
Processor Information for all 12 processors :
  Max Mhz: 2904, Current Mhz: 2904, Mhz Limit: 2904

Memory: 4k page, system-wide physical 16231M (8180M free)
TotalPageFile size 65383M (AvailPageFile size 5M)
current process WorkingSet (physical memory assigned to process): 52M, peak: 52M
current process commit charge ("private bytes"): 349M, peak: 349M

vm_info: OpenJDK 64-Bit Server VM (21.0.5+11-LTS) for windows-amd64 JRE (21.0.5+11-LTS), built on 2024-10-15T00:00:00Z by "admin" with MS VC++ 17.7 (VS2022)

END.
